This file contains any messages produced by compilers while
running configure, to aid debugging if configure makes a mistake.

It was created by MCT configure 2.8, which was
generated by GNU Autoconf 2.65.  Invocation command line was

  $ ./configure MPIFC=mpif90  FC=mpif90  CC=mpicc 

## --------- ##
## Platform. ##
## --------- ##

hostname = raijin1
uname -m = x86_64
uname -r = 2.6.32-358.6.2.el6.x86_64.raijin
uname -s = Linux
uname -v = #2 SMP Mon Jun 3 10:35:25 EST 2013

/usr/bin/uname -p = unknown
/bin/uname -X     = unknown

/bin/arch              = x86_64
/usr/bin/arch -k       = unknown
/usr/convex/getsysinfo = unknown
/usr/bin/hostinfo      = unknown
/bin/machine           = unknown
/usr/bin/oslevel       = unknown
/bin/universe          = unknown

PATH: /apps/openmpi/wrapper
PATH: /apps/openmpi/1.6.3/bin
PATH: /apps/netcdf/4.2.1.1/bin
PATH: /apps/intel-ct/fc-wrapper/
PATH: /apps/intel-ct/12.1.9.293/fc/bin/intel64
PATH: /apps/intel-ct/cc-wrapper
PATH: /apps/intel-ct/12.1.9.293/cc/bin/intel64
PATH: /opt/bin
PATH: /bin
PATH: /usr/bin
PATH: /usr/X11R6/bin


## ----------- ##
## Core tests. ##
## ----------- ##

configure:2326: checking for C compiler version
configure:2335: mpicc  --version >&5
icc (ICC) 12.1.3 20120212
Copyright (C) 1985-2012 Intel Corporation.  All rights reserved.

configure:2346: $? = 0
configure:2335: mpicc  -v >&5
icc version 12.1.3 (gcc version 4.4.7 compatibility)
configure:2346: $? = 0
configure:2335: mpicc  -V >&5
Intel(R) C Intel(R) 64 Compiler XE for applications running on Intel(R) 64, Version 12.1 Build 20120212
Copyright (C) 1985-2012 Intel Corporation.  All rights reserved.

configure:2346: $? = 0
configure:2335: mpicc  -qversion >&5
icc: command line warning #10006: ignoring unknown option '-qversion'
icc: command line error: no files specified; for help type "icc -help"
configure:2346: $? = 1
configure:2366: checking whether the C compiler works
configure:2388: mpicc     conftest.c  >&5
configure:2392: $? = 0
configure:2441: result: yes
configure:2444: checking for C compiler default output file name
configure:2446: result: a.out
configure:2452: checking for suffix of executables
configure:2459: mpicc  -o conftest    conftest.c  >&5
configure:2463: $? = 0
configure:2485: result: 
configure:2507: checking whether we are cross compiling
configure:2515: mpicc  -o conftest    conftest.c  >&5
configure:2519: $? = 0
configure:2526: ./conftest
configure:2530: $? = 0
configure:2545: result: no
configure:2550: checking for suffix of object files
configure:2572: mpicc  -c   conftest.c >&5
configure:2576: $? = 0
configure:2597: result: o
configure:2601: checking whether we are using the GNU C compiler
configure:2620: mpicc  -c   conftest.c >&5
configure:2620: $? = 0
configure:2629: result: yes
configure:2638: checking whether mpicc  accepts -g
configure:2658: mpicc  -c -g  conftest.c >&5
configure:2658: $? = 0
configure:2699: result: yes
configure:2716: checking for mpicc  option to accept ISO C89
configure:2780: mpicc   -c -g -O2  conftest.c >&5
configure:2780: $? = 0
configure:2793: result: none needed
configure:2821: checking how to run the C preprocessor
configure:2852: mpicc  -E  conftest.c
configure:2852: $? = 0
configure:2866: mpicc  -E  conftest.c
conftest.c(9): error #2379: cannot open source file "ac_nonexistent.h"
  #include <ac_nonexistent.h>
                             ^

configure:2866: $? = 2
configure: failed program was:
| /* confdefs.h */
| #define PACKAGE_NAME "MCT"
| #define PACKAGE_TARNAME "mct"
| #define PACKAGE_VERSION "2.8"
| #define PACKAGE_STRING "MCT 2.8"
| #define PACKAGE_BUGREPORT ""
| #define PACKAGE_URL ""
| /* end confdefs.h.  */
| #include <ac_nonexistent.h>
configure:2891: result: mpicc  -E
configure:2911: mpicc  -E  conftest.c
configure:2911: $? = 0
configure:2925: mpicc  -E  conftest.c
conftest.c(9): error #2379: cannot open source file "ac_nonexistent.h"
  #include <ac_nonexistent.h>
                             ^

configure:2925: $? = 2
configure: failed program was:
| /* confdefs.h */
| #define PACKAGE_NAME "MCT"
| #define PACKAGE_TARNAME "mct"
| #define PACKAGE_VERSION "2.8"
| #define PACKAGE_STRING "MCT 2.8"
| #define PACKAGE_BUGREPORT ""
| #define PACKAGE_URL ""
| /* end confdefs.h.  */
| #include <ac_nonexistent.h>
configure:2954: checking for grep that handles long lines and -e
configure:3012: result: /bin/grep
configure:3017: checking for egrep
configure:3079: result: /bin/grep -E
configure:3084: checking for ANSI C header files
configure:3104: mpicc  -c -g -O2  conftest.c >&5
configure:3104: $? = 0
configure:3177: mpicc  -o conftest -g -O2   conftest.c  >&5
configure:3177: $? = 0
configure:3177: ./conftest
configure:3177: $? = 0
configure:3188: result: yes
configure:3201: checking for sys/types.h
configure:3201: mpicc  -c -g -O2  conftest.c >&5
configure:3201: $? = 0
configure:3201: result: yes
configure:3201: checking for sys/stat.h
configure:3201: mpicc  -c -g -O2  conftest.c >&5
configure:3201: $? = 0
configure:3201: result: yes
configure:3201: checking for stdlib.h
configure:3201: mpicc  -c -g -O2  conftest.c >&5
configure:3201: $? = 0
configure:3201: result: yes
configure:3201: checking for string.h
configure:3201: mpicc  -c -g -O2  conftest.c >&5
configure:3201: $? = 0
configure:3201: result: yes
configure:3201: checking for memory.h
configure:3201: mpicc  -c -g -O2  conftest.c >&5
configure:3201: $? = 0
configure:3201: result: yes
configure:3201: checking for strings.h
configure:3201: mpicc  -c -g -O2  conftest.c >&5
configure:3201: $? = 0
configure:3201: result: yes
configure:3201: checking for inttypes.h
configure:3201: mpicc  -c -g -O2  conftest.c >&5
configure:3201: $? = 0
configure:3201: result: yes
configure:3201: checking for stdint.h
configure:3201: mpicc  -c -g -O2  conftest.c >&5
configure:3201: $? = 0
configure:3201: result: yes
configure:3201: checking for unistd.h
configure:3201: mpicc  -c -g -O2  conftest.c >&5
configure:3201: $? = 0
configure:3201: result: yes
configure:3214: checking whether byte ordering is bigendian
configure:3229: mpicc  -c -g -O2  conftest.c >&5
conftest.c(20): error: identifier "not" is undefined
  	       not a universal capable compiler
  	       ^

conftest.c(20): error: expected a ";"
  	       not a universal capable compiler
  	             ^

compilation aborted for conftest.c (code 2)
configure:3229: $? = 2
configure: failed program was:
| /* confdefs.h */
| #define PACKAGE_NAME "MCT"
| #define PACKAGE_TARNAME "mct"
| #define PACKAGE_VERSION "2.8"
| #define PACKAGE_STRING "MCT 2.8"
| #define PACKAGE_BUGREPORT ""
| #define PACKAGE_URL ""
| #define STDC_HEADERS 1
| #define HAVE_SYS_TYPES_H 1
| #define HAVE_SYS_STAT_H 1
| #define HAVE_STDLIB_H 1
| #define HAVE_STRING_H 1
| #define HAVE_MEMORY_H 1
| #define HAVE_STRINGS_H 1
| #define HAVE_INTTYPES_H 1
| #define HAVE_STDINT_H 1
| #define HAVE_UNISTD_H 1
| /* end confdefs.h.  */
| #ifndef __APPLE_CC__
| 	       not a universal capable compiler
| 	     #endif
| 	     typedef int dummy;
| 
configure:3274: mpicc  -c -g -O2  conftest.c >&5
configure:3274: $? = 0
configure:3292: mpicc  -c -g -O2  conftest.c >&5
conftest.c(26): error: identifier "not" is undefined
  		 not big endian
  		 ^

conftest.c(26): error: expected a ";"
  		 not big endian
  		         ^

conftest.c(29): warning #12: parsing restarts here after previous syntax error
    ;
    ^

compilation aborted for conftest.c (code 2)
configure:3292: $? = 2
configure: failed program was:
| /* confdefs.h */
| #define PACKAGE_NAME "MCT"
| #define PACKAGE_TARNAME "mct"
| #define PACKAGE_VERSION "2.8"
| #define PACKAGE_STRING "MCT 2.8"
| #define PACKAGE_BUGREPORT ""
| #define PACKAGE_URL ""
| #define STDC_HEADERS 1
| #define HAVE_SYS_TYPES_H 1
| #define HAVE_SYS_STAT_H 1
| #define HAVE_STDLIB_H 1
| #define HAVE_STRING_H 1
| #define HAVE_MEMORY_H 1
| #define HAVE_STRINGS_H 1
| #define HAVE_INTTYPES_H 1
| #define HAVE_STDINT_H 1
| #define HAVE_UNISTD_H 1
| /* end confdefs.h.  */
| #include <sys/types.h>
| 		#include <sys/param.h>
| 
| int
| main ()
| {
| #if BYTE_ORDER != BIG_ENDIAN
| 		 not big endian
| 		#endif
| 
|   ;
|   return 0;
| }
configure:3420: result: no
configure:3547: checking for Fortran compiler version
configure:3556: mpif90  --version >&5
ifort (IFORT) 12.1.3 20120212
Copyright (C) 1985-2012 Intel Corporation.  All rights reserved.

configure:3567: $? = 0
configure:3556: mpif90  -v >&5
ifort version 12.1.3
configure:3567: $? = 0
configure:3556: mpif90  -V >&5
Intel(R) Fortran Intel(R) 64 Compiler XE for applications running on Intel(R) 64, Version 12.1 Build 20120212
Copyright (C) 1985-2012 Intel Corporation.  All rights reserved.

configure:3567: $? = 0
configure:3556: mpif90  -qversion >&5
ifort: command line warning #10006: ignoring unknown option '-qversion'
ifort: command line error: no files specified; for help type "ifort -help"
configure:3567: $? = 1
configure:3576: checking whether we are using the GNU Fortran compiler
configure:3589: mpif90  -c   conftest.F >&5
ifort: command line remark #10010: option '-pthread' is deprecated and will be removed in a future release. See '-help deprecated'
conftest.F(3): error #5082: Syntax error, found END-OF-STATEMENT when expecting one of: ( % [ : . = =>
       choke me
---------------^
conftest.F(3): error #6218: This statement is positioned incorrectly and/or has syntax errors.
       choke me
---------------^
compilation aborted for conftest.F (code 1)
configure:3589: $? = 1
configure: failed program was:
|       program main
| #ifndef __GNUC__
|        choke me
| #endif
| 
|       end
configure:3598: result: no
configure:3604: checking whether mpif90  accepts -g
configure:3615: mpif90  -c -g  conftest.f >&5
ifort: command line remark #10010: option '-pthread' is deprecated and will be removed in a future release. See '-help deprecated'
configure:3615: $? = 0
configure:3623: result: yes
configure:3660: checking for Fortran flag to compile .F90 files
configure:3676: mpif90  -c -g  conftest.F90 >&5
ifort: command line remark #10010: option '-pthread' is deprecated and will be removed in a future release. See '-help deprecated'
configure:3676: $? = 0
configure:3685: result: none
configure:3724: checking for mpif90
configure:3751: result: mpif90 
configure:3769: checking for MPI_Init
configure:3776: mpif90  -o conftest -g   conftest.F90  >&5
ifort: command line remark #10010: option '-pthread' is deprecated and will be removed in a future release. See '-help deprecated'
configure:3776: $? = 0
configure:3778: result: yes
configure:3907: checking for mpif.h
configure:3914: mpif90  -c -g  conftest.F90 >&5
ifort: command line remark #10010: option '-pthread' is deprecated and will be removed in a future release. See '-help deprecated'
configure:3914: $? = 0
configure:3915: result: yes
configure:3985: mpif90  -c -g  conftest.F90 >&5
ifort: command line remark #10010: option '-pthread' is deprecated and will be removed in a future release. See '-help deprecated'
configure:3985: $? = 0
configure:4000: checking how to get the version output from mpif90 
configure:4011: mpif90  -c -g  conftest.F90 >&5
ifort: command line remark #10010: option '-pthread' is deprecated and will be removed in a future release. See '-help deprecated'
configure:4011: $? = 0
configure:4030: mpif90  -o conftest -g -V   conftest.F90  >&5
Intel(R) Fortran Intel(R) 64 Compiler XE for applications running on Intel(R) 64, Version 12.1 Build 20120212
Copyright (C) 1985-2012 Intel Corporation.  All rights reserved.
ifort: command line remark #10010: option '-pthread' is deprecated and will be removed in a future release. See '-help deprecated'

 Intel(R) Fortran 12.1-2098
GNU ld version 2.20.51.0.2-5.36.el6 20100205
configure:4062: result: -V
configure:4083: checking for Fortran flag to compile preprocessed .F files
configure:4108: mpif90  -c -g  conftest.F >&5
ifort: command line remark #10010: option '-pthread' is deprecated and will be removed in a future release. See '-help deprecated'
configure:4108: $? = 0
configure:4118: mpif90  -c -g  conftest.F >&5
ifort: command line remark #10010: option '-pthread' is deprecated and will be removed in a future release. See '-help deprecated'
conftest.F(4): #error: can't find include file: ac_nonexistent.h
configure:4118: $? = 1
configure: failed program was:
|       program main
| 
| #if 1
| #include <ac_nonexistent.h>
|       choke me
| #endif
|       end
configure:4131: result: none
configure:4152: checking how to define symbols for preprocessed Fortran
configure:4174: mpif90  -c -g -DFOOBAR -DZORK=42  conftest.F >&5
ifort: command line remark #10010: option '-pthread' is deprecated and will be removed in a future release. See '-help deprecated'
configure:4174: $? = 0
configure:4183: result: -D
configure:4209: checking how to get verbose linking output from mpif90 
configure:4219: mpif90  -c -g  conftest.F >&5
ifort: command line remark #10010: option '-pthread' is deprecated and will be removed in a future release. See '-help deprecated'
configure:4219: $? = 0
configure:4237: mpif90 -o conftest -g -v conftest.F
ifort: command line remark #10010: option '-pthread' is deprecated and will be removed in a future release. See '-help deprecated'
ifort version 12.1.3
/apps/intel-ct/composer_xe_2011_sp1.9.293/bin/intel64/fpp    -D__INTEL_COMPILER=1210 -D__unix__ -D__unix -D__linux__ -D__linux -D__gnu_linux__ -Dunix -Dlinux -D__ELF__ -D__x86_64 -D__x86_64__ -D_MT -D__INTEL_COMPILER_BUILD_DATE=20120212 -D__i686 -D__i686__ -D__pentiumpro -D__pentiumpro__ -D__pentium4 -D__pentium4__ -D__tune_pentium4__ -D__SSE2__ -D__SSE__ -D__MMX__ -I. -I/apps/openmpi/1.6.3/include -I/apps/openmpi/1.6.3/lib -I/apps/openmpi/1.6.3/Intel/include -I/apps/openmpi/1.6.3/include/Intel -I/apps/openmpi/1.6.3/include -I/apps/netcdf/4.2.1.1/include/Intel -I/apps/netcdf/4.2.1.1/include -I/opt/Modules/krutsh/commands -I/apps/openmpi/1.6.3/include -I/apps/netcdf/4.2.1.1/include -I/apps/intel-ct/composer_xe_2011_sp1.9.293/compiler/include/intel64 -I/apps/intel-ct/composer_xe_2011_sp1.9.293/compiler/include -I/usr/local/include -I/plush/dugong/usr/bin/../lib/gcc/x86_64-redhat-linux/4.4.7/include -I/usr/include -fixed -4Ycpp -4Ncvf -f_com=yes conftest.F /short/v45/nah599/tmp/ifort9S80th.i
/apps/intel-ct/composer_xe_2011_sp1.9.293/bin/intel64/fortcom    -D__INTEL_COMPILER=1210 -D__unix__ -D__unix -D__linux__ -D__linux -D__gnu_linux__ -Dunix -Dlinux -D__ELF__ -D__x86_64 -D__x86_64__ -D_MT -D__INTEL_COMPILER_BUILD_DATE=20120212 -D__i686 -D__i686__ -D__pentiumpro -D__pentiumpro__ -D__pentium4 -D__pentium4__ -D__tune_pentium4__ -D__SSE2__ -D__SSE__ -D__MMX__ -mGLOB_pack_sort_init_list -I. -I/apps/openmpi/1.6.3/include -I/apps/openmpi/1.6.3/lib -I/apps/openmpi/1.6.3/Intel/include -I/apps/openmpi/1.6.3/include/Intel -I/apps/openmpi/1.6.3/include -I/apps/netcdf/4.2.1.1/include/Intel -I/apps/netcdf/4.2.1.1/include -I/opt/Modules/krutsh/commands -I/apps/openmpi/1.6.3/include -I/apps/netcdf/4.2.1.1/include -I/apps/intel-ct/composer_xe_2011_sp1.9.293/compiler/include/intel64 -I/apps/intel-ct/composer_xe_2011_sp1.9.293/compiler/include -I/usr/local/include -I/plush/dugong/usr/bin/../lib/gcc/x86_64-redhat-linux/4.4.7/include -I/usr/include "-fp_modbits honor_f32_conversion" "-fp_modbits honor_f64_conversion" -O0 -g2 "-reentrancy threaded" -simd -mP1OPT_version=12.1-intel64 -mGLOB_diag_file=/short/v45/nah599/tmp/ifortKrKkFV.diag -mGLOB_source_language=GLOB_SOURCE_LANGUAGE_F90 -mGLOB_tune_for_fort -mGLOB_use_fort_dope_vector -mP2OPT_static_promotion -mP1OPT_print_version=FALSE -mCG_use_gas_got_workaround=F -mP2OPT_align_option_used=TRUE -mGLOB_gcc_version=447 "-mGLOB_options_string=-I/apps/openmpi/1.6.3/include -I/apps/openmpi/1.6.3/lib -I/apps/openmpi/1.6.3/Intel/include -I/apps/openmpi/1.6.3/include/Intel -I/apps/openmpi/1.6.3/include -I/apps/netcdf/4.2.1.1/include/Intel -I/apps/netcdf/4.2.1.1/include -I/opt/Modules/krutsh/commands -o conftest -g -v -pthread -L/apps/openmpi/1.6.3/lib -lmpi_f90 -lmpi_f77 -lmpi -ldl -lm -lnuma -Wl,--export-dynamic -lrt -lnsl -lutil -lm -ldl" -mGLOB_cxx_limited_range=FALSE -mCG_extend_parms=FALSE -mP3OPT_emit_line_numbers -mP2OPT_suppress_unreferenced_locals=FALSE -mGLOB_debug_target=GLOB_DEBUG_TARGET_ALL -mGLOB_debug_format=GLOB_DEBUG_FORMAT_DWARF20 -mGLOB_as_output_backup_file_name=/short/v45/nah599/tmp/ifortPwM0kHas_.s -mGLOB_machine_model=GLOB_MACHINE_MODEL_EFI2 -mGLOB_product_id_code=0x22006d8c -mGLOB_maintain_errno -mGLOB_noinline_intrinsics -mGLOB_use_base_pointer -mCG_bnl_movbe=T -mGLOB_extended_instructions=0x8 -mP3OPT_use_mspp_call_convention -mP2OPT_subs_out_of_bound=FALSE -mGLOB_ansi_alias -mIPOPT_ninl_limit=0 -mIPOPT_ninl_user_level=0 -mPGOPTI_value_profile_use=T -mP2OPT_gen_linux_const_pooling=FALSE -mP2OPT_il0_array_sections=TRUE -mGLOB_opt_level=0 -mIPOPT_args_in_regs=0 -mP2OPT_disam_assume_nonstd_intent_in=FALSE -mGLOB_imf_mapping_library=/apps/intel-ct/composer_xe_2011_sp1.9.293/bin/intel64/libiml_attr.so -mIPOPT_obj_output_file_name=/short/v45/nah599/tmp/ifortKrKkFV.o "-mGLOB_linker_version=2.20.51.0.2-5.36.el6 20100205" -mGLOB_long_size_64 -mGLOB_routine_pointer_size_64 -mP3OPT_asm_target=P3OPT_ASM_TARGET_GAS -mGLOB_async_unwind_tables=TRUE -mGLOB_obj_output_file=/short/v45/nah599/tmp/ifortKrKkFV.o -mGLOB_source_dialect=GLOB_SOURCE_DIALECT_FORTRAN -mP1OPT_source_file_name=conftest.F -mP2OPT_symtab_type_copy=true /short/v45/nah599/tmp/ifort9S80th.i
ld    /plush/dugong/usr/bin/../lib/gcc/x86_64-redhat-linux/4.4.7/../../../../lib64/crt1.o /plush/dugong/usr/bin/../lib/gcc/x86_64-redhat-linux/4.4.7/../../../../lib64/crti.o /plush/dugong/usr/bin/../lib/gcc/x86_64-redhat-linux/4.4.7/crtbegin.o --eh-frame-hdr --build-id -dynamic-linker /lib64/ld-linux-x86-64.so.2 -L/apps/openmpi/1.6.3/lib -o conftest /apps/intel-ct/composer_xe_2011_sp1.9.293/compiler/lib/intel64/for_main.o -L/apps/openmpi/1.6.3/lib -L/apps/openmpi/1.6.3/lib/profilers -L/apps/netcdf/4.2.1.1/lib/Intel -L/apps/netcdf/4.2.1.1/lib -L/apps/intel-ct/12.1.9.293/fc/lib/intel64 -L/apps/intel-ct/12.1.9.293/cc/lib/intel64 -L/apps/intel-ct/composer_xe_2011_sp1.9.293/compiler/lib/intel64 -L/plush/dugong/usr/bin/../lib/gcc/x86_64-redhat-linux/4.4.7 -L/plush/dugong/usr/bin/../lib/gcc -L/usr/lib/gcc/x86_64-redhat-linux/4.4.7 -L/plush/dugong/usr/bin/../lib/gcc/x86_64-redhat-linux/4.4.7/../../../../lib64 -L/lib/../lib64 -L/usr/lib/../lib64 -L/apps/openmpi/1.6.3/lib -L/apps/openmpi/1.6.3/lib/profilers -L/apps/netcdf/4.2.1.1/lib/Intel -L/apps/netcdf/4.2.1.1/lib/GNU -L/apps/netcdf/4.2.1.1/lib -L/apps/intel-ct/12.1.9.293/fc/lib/intel64 -L/apps/intel-ct/12.1.9.293/cc/lib/intel64 -L/plush/dugong/usr/bin/../lib/gcc/x86_64-redhat-linux/4.4.7/../../.. -L/lib64 -L/lib -L/usr/lib64 -L/usr/lib /short/v45/nah599/tmp/ifortKrKkFV.o -lmpi_f90 -lmpi_f77 -lmpi -ldl -L/apps/intel-ct/composer_xe_2011_sp1.9.293/compiler/lib/intel64 -Bstatic -limf -Bdynamic -lm -lnuma --export-dynamic -lrt -lnsl -lutil -L/apps/intel-ct/composer_xe_2011_sp1.9.293/compiler/lib/intel64 -Bstatic -limf -Bdynamic -lm -ldl -Bstatic -lifport -lifcoremt -limf -lsvml -Bdynamic -lm -Bstatic -lipgo -lirc -u __pthread_once -Bdynamic -lpthread -lc -lgcc -lgcc_s -Bstatic -lirc_s -Bdynamic -ldl -lc /plush/dugong/usr/bin/../lib/gcc/x86_64-redhat-linux/4.4.7/crtend.o /plush/dugong/usr/bin/../lib/gcc/x86_64-redhat-linux/4.4.7/../../../../lib64/crtn.o
configure:4302: result: -v
configure:4304: checking for Fortran libraries of mpif90 
configure:4327: mpif90 -o conftest -g -v conftest.F
ifort: command line remark #10010: option '-pthread' is deprecated and will be removed in a future release. See '-help deprecated'
ifort version 12.1.3
/apps/intel-ct/composer_xe_2011_sp1.9.293/bin/intel64/fpp    -D__INTEL_COMPILER=1210 -D__unix__ -D__unix -D__linux__ -D__linux -D__gnu_linux__ -Dunix -Dlinux -D__ELF__ -D__x86_64 -D__x86_64__ -D_MT -D__INTEL_COMPILER_BUILD_DATE=20120212 -D__i686 -D__i686__ -D__pentiumpro -D__pentiumpro__ -D__pentium4 -D__pentium4__ -D__tune_pentium4__ -D__SSE2__ -D__SSE__ -D__MMX__ -I. -I/apps/openmpi/1.6.3/include -I/apps/openmpi/1.6.3/lib -I/apps/openmpi/1.6.3/Intel/include -I/apps/openmpi/1.6.3/include/Intel -I/apps/openmpi/1.6.3/include -I/apps/netcdf/4.2.1.1/include/Intel -I/apps/netcdf/4.2.1.1/include -I/opt/Modules/krutsh/commands -I/apps/openmpi/1.6.3/include -I/apps/netcdf/4.2.1.1/include -I/apps/intel-ct/composer_xe_2011_sp1.9.293/compiler/include/intel64 -I/apps/intel-ct/composer_xe_2011_sp1.9.293/compiler/include -I/usr/local/include -I/plush/dugong/usr/bin/../lib/gcc/x86_64-redhat-linux/4.4.7/include -I/usr/include -fixed -4Ycpp -4Ncvf -f_com=yes conftest.F /short/v45/nah599/tmp/ifortprwYYM.i
/apps/intel-ct/composer_xe_2011_sp1.9.293/bin/intel64/fortcom    -D__INTEL_COMPILER=1210 -D__unix__ -D__unix -D__linux__ -D__linux -D__gnu_linux__ -Dunix -Dlinux -D__ELF__ -D__x86_64 -D__x86_64__ -D_MT -D__INTEL_COMPILER_BUILD_DATE=20120212 -D__i686 -D__i686__ -D__pentiumpro -D__pentiumpro__ -D__pentium4 -D__pentium4__ -D__tune_pentium4__ -D__SSE2__ -D__SSE__ -D__MMX__ -mGLOB_pack_sort_init_list -I. -I/apps/openmpi/1.6.3/include -I/apps/openmpi/1.6.3/lib -I/apps/openmpi/1.6.3/Intel/include -I/apps/openmpi/1.6.3/include/Intel -I/apps/openmpi/1.6.3/include -I/apps/netcdf/4.2.1.1/include/Intel -I/apps/netcdf/4.2.1.1/include -I/opt/Modules/krutsh/commands -I/apps/openmpi/1.6.3/include -I/apps/netcdf/4.2.1.1/include -I/apps/intel-ct/composer_xe_2011_sp1.9.293/compiler/include/intel64 -I/apps/intel-ct/composer_xe_2011_sp1.9.293/compiler/include -I/usr/local/include -I/plush/dugong/usr/bin/../lib/gcc/x86_64-redhat-linux/4.4.7/include -I/usr/include "-fp_modbits honor_f32_conversion" "-fp_modbits honor_f64_conversion" -O0 -g2 "-reentrancy threaded" -simd -mP1OPT_version=12.1-intel64 -mGLOB_diag_file=/short/v45/nah599/tmp/ifortGEaaZn.diag -mGLOB_source_language=GLOB_SOURCE_LANGUAGE_F90 -mGLOB_tune_for_fort -mGLOB_use_fort_dope_vector -mP2OPT_static_promotion -mP1OPT_print_version=FALSE -mCG_use_gas_got_workaround=F -mP2OPT_align_option_used=TRUE -mGLOB_gcc_version=447 "-mGLOB_options_string=-I/apps/openmpi/1.6.3/include -I/apps/openmpi/1.6.3/lib -I/apps/openmpi/1.6.3/Intel/include -I/apps/openmpi/1.6.3/include/Intel -I/apps/openmpi/1.6.3/include -I/apps/netcdf/4.2.1.1/include/Intel -I/apps/netcdf/4.2.1.1/include -I/opt/Modules/krutsh/commands -o conftest -g -v -pthread -L/apps/openmpi/1.6.3/lib -lmpi_f90 -lmpi_f77 -lmpi -ldl -lm -lnuma -Wl,--export-dynamic -lrt -lnsl -lutil -lm -ldl" -mGLOB_cxx_limited_range=FALSE -mCG_extend_parms=FALSE -mP3OPT_emit_line_numbers -mP2OPT_suppress_unreferenced_locals=FALSE -mGLOB_debug_target=GLOB_DEBUG_TARGET_ALL -mGLOB_debug_format=GLOB_DEBUG_FORMAT_DWARF20 -mGLOB_as_output_backup_file_name=/short/v45/nah599/tmp/ifortPQLiBpas_.s -mGLOB_machine_model=GLOB_MACHINE_MODEL_EFI2 -mGLOB_product_id_code=0x22006d8c -mGLOB_maintain_errno -mGLOB_noinline_intrinsics -mGLOB_use_base_pointer -mCG_bnl_movbe=T -mGLOB_extended_instructions=0x8 -mP3OPT_use_mspp_call_convention -mP2OPT_subs_out_of_bound=FALSE -mGLOB_ansi_alias -mIPOPT_ninl_limit=0 -mIPOPT_ninl_user_level=0 -mPGOPTI_value_profile_use=T -mP2OPT_gen_linux_const_pooling=FALSE -mP2OPT_il0_array_sections=TRUE -mGLOB_opt_level=0 -mIPOPT_args_in_regs=0 -mP2OPT_disam_assume_nonstd_intent_in=FALSE -mGLOB_imf_mapping_library=/apps/intel-ct/composer_xe_2011_sp1.9.293/bin/intel64/libiml_attr.so -mIPOPT_obj_output_file_name=/short/v45/nah599/tmp/ifortGEaaZn.o "-mGLOB_linker_version=2.20.51.0.2-5.36.el6 20100205" -mGLOB_long_size_64 -mGLOB_routine_pointer_size_64 -mP3OPT_asm_target=P3OPT_ASM_TARGET_GAS -mGLOB_async_unwind_tables=TRUE -mGLOB_obj_output_file=/short/v45/nah599/tmp/ifortGEaaZn.o -mGLOB_source_dialect=GLOB_SOURCE_DIALECT_FORTRAN -mP1OPT_source_file_name=conftest.F -mP2OPT_symtab_type_copy=true /short/v45/nah599/tmp/ifortprwYYM.i
ld    /plush/dugong/usr/bin/../lib/gcc/x86_64-redhat-linux/4.4.7/../../../../lib64/crt1.o /plush/dugong/usr/bin/../lib/gcc/x86_64-redhat-linux/4.4.7/../../../../lib64/crti.o /plush/dugong/usr/bin/../lib/gcc/x86_64-redhat-linux/4.4.7/crtbegin.o --eh-frame-hdr --build-id -dynamic-linker /lib64/ld-linux-x86-64.so.2 -L/apps/openmpi/1.6.3/lib -o conftest /apps/intel-ct/composer_xe_2011_sp1.9.293/compiler/lib/intel64/for_main.o -L/apps/openmpi/1.6.3/lib -L/apps/openmpi/1.6.3/lib/profilers -L/apps/netcdf/4.2.1.1/lib/Intel -L/apps/netcdf/4.2.1.1/lib -L/apps/intel-ct/12.1.9.293/fc/lib/intel64 -L/apps/intel-ct/12.1.9.293/cc/lib/intel64 -L/apps/intel-ct/composer_xe_2011_sp1.9.293/compiler/lib/intel64 -L/plush/dugong/usr/bin/../lib/gcc/x86_64-redhat-linux/4.4.7 -L/plush/dugong/usr/bin/../lib/gcc -L/usr/lib/gcc/x86_64-redhat-linux/4.4.7 -L/plush/dugong/usr/bin/../lib/gcc/x86_64-redhat-linux/4.4.7/../../../../lib64 -L/lib/../lib64 -L/usr/lib/../lib64 -L/apps/openmpi/1.6.3/lib -L/apps/openmpi/1.6.3/lib/profilers -L/apps/netcdf/4.2.1.1/lib/Intel -L/apps/netcdf/4.2.1.1/lib/GNU -L/apps/netcdf/4.2.1.1/lib -L/apps/intel-ct/12.1.9.293/fc/lib/intel64 -L/apps/intel-ct/12.1.9.293/cc/lib/intel64 -L/plush/dugong/usr/bin/../lib/gcc/x86_64-redhat-linux/4.4.7/../../.. -L/lib64 -L/lib -L/usr/lib64 -L/usr/lib /short/v45/nah599/tmp/ifortGEaaZn.o -lmpi_f90 -lmpi_f77 -lmpi -ldl -L/apps/intel-ct/composer_xe_2011_sp1.9.293/compiler/lib/intel64 -Bstatic -limf -Bdynamic -lm -lnuma --export-dynamic -lrt -lnsl -lutil -L/apps/intel-ct/composer_xe_2011_sp1.9.293/compiler/lib/intel64 -Bstatic -limf -Bdynamic -lm -ldl -Bstatic -lifport -lifcoremt -limf -lsvml -Bdynamic -lm -Bstatic -lipgo -lirc -u __pthread_once -Bdynamic -lpthread -lc -lgcc -lgcc_s -Bstatic -lirc_s -Bdynamic -ldl -lc /plush/dugong/usr/bin/../lib/gcc/x86_64-redhat-linux/4.4.7/crtend.o /plush/dugong/usr/bin/../lib/gcc/x86_64-redhat-linux/4.4.7/../../../../lib64/crtn.o
configure:4501: result:  -L/apps/openmpi/1.6.3/lib -L/apps/openmpi/1.6.3/lib/profilers -L/apps/netcdf/4.2.1.1/lib/Intel -L/apps/netcdf/4.2.1.1/lib -L/apps/intel-ct/12.1.9.293/fc/lib/intel64 -L/apps/intel-ct/12.1.9.293/cc/lib/intel64 -L/apps/intel-ct/composer_xe_2011_sp1.9.293/compiler/lib/intel64 -L/plush/dugong/usr/bin/../lib/gcc/x86_64-redhat-linux/4.4.7 -L/plush/dugong/usr/bin/../lib/gcc -L/usr/lib/gcc/x86_64-redhat-linux/4.4.7 -L/plush/dugong/usr/bin/../lib/gcc/x86_64-redhat-linux/4.4.7/../../../../lib64 -L/lib/../lib64 -L/usr/lib/../lib64 -L/apps/netcdf/4.2.1.1/lib/GNU -L/plush/dugong/usr/bin/../lib/gcc/x86_64-redhat-linux/4.4.7/../../.. -L/lib64 -L/lib -L/usr/lib64 -L/usr/lib -lmpi_f90 -lmpi_f77 -lmpi -ldl -limf -lm -lrt -lnsl -lutil -lifport -lifcoremt -lsvml -lipgo -lirc -lpthread -lirc_s
configure:4517: checking for dummy main to link with Fortran libraries
configure:4551: mpicc  -o conftest -g -O2   conftest.c   -L/apps/openmpi/1.6.3/lib -L/apps/openmpi/1.6.3/lib/profilers -L/apps/netcdf/4.2.1.1/lib/Intel -L/apps/netcdf/4.2.1.1/lib -L/apps/intel-ct/12.1.9.293/fc/lib/intel64 -L/apps/intel-ct/12.1.9.293/cc/lib/intel64 -L/apps/intel-ct/composer_xe_2011_sp1.9.293/compiler/lib/intel64 -L/plush/dugong/usr/bin/../lib/gcc/x86_64-redhat-linux/4.4.7 -L/plush/dugong/usr/bin/../lib/gcc -L/usr/lib/gcc/x86_64-redhat-linux/4.4.7 -L/plush/dugong/usr/bin/../lib/gcc/x86_64-redhat-linux/4.4.7/../../../../lib64 -L/lib/../lib64 -L/usr/lib/../lib64 -L/apps/netcdf/4.2.1.1/lib/GNU -L/plush/dugong/usr/bin/../lib/gcc/x86_64-redhat-linux/4.4.7/../../.. -L/lib64 -L/lib -L/usr/lib64 -L/usr/lib -lmpi_f90 -lmpi_f77 -lmpi -ldl -limf -lm -lrt -lnsl -lutil -lifport -lifcoremt -lsvml -lipgo -lirc -lpthread -lirc_s >&5
configure:4551: $? = 0
configure:4596: result: none
configure:4629: checking for Fortran name-mangling scheme
configure:4642: mpif90  -c -g  conftest.F >&5
ifort: command line remark #10010: option '-pthread' is deprecated and will be removed in a future release. See '-help deprecated'
configure:4642: $? = 0
configure:4683: mpicc  -o conftest -g -O2   conftest.c cfortran_test.o   -L/apps/openmpi/1.6.3/lib -L/apps/openmpi/1.6.3/lib/profilers -L/apps/netcdf/4.2.1.1/lib/Intel -L/apps/netcdf/4.2.1.1/lib -L/apps/intel-ct/12.1.9.293/fc/lib/intel64 -L/apps/intel-ct/12.1.9.293/cc/lib/intel64 -L/apps/intel-ct/composer_xe_2011_sp1.9.293/compiler/lib/intel64 -L/plush/dugong/usr/bin/../lib/gcc/x86_64-redhat-linux/4.4.7 -L/plush/dugong/usr/bin/../lib/gcc -L/usr/lib/gcc/x86_64-redhat-linux/4.4.7 -L/plush/dugong/usr/bin/../lib/gcc/x86_64-redhat-linux/4.4.7/../../../../lib64 -L/lib/../lib64 -L/usr/lib/../lib64 -L/apps/netcdf/4.2.1.1/lib/GNU -L/plush/dugong/usr/bin/../lib/gcc/x86_64-redhat-linux/4.4.7/../../.. -L/lib64 -L/lib -L/usr/lib64 -L/usr/lib -lmpi_f90 -lmpi_f77 -lmpi -ldl -limf -lm -lrt -lnsl -lutil -lifport -lifcoremt -lsvml -lipgo -lirc -lpthread -lirc_s >&5
/short/v45/nah599/tmp/iccyQGTDR.o: In function `main':
/short/v45/nah599/ACCESS-OM/submodels/oasis3-mct_local/Linux/build/lib/mctdir/conftest.c:39: undefined reference to `foobar'
configure:4683: $? = 1
configure: failed program was:
| /* confdefs.h */
| #define PACKAGE_NAME "MCT"
| #define PACKAGE_TARNAME "mct"
| #define PACKAGE_VERSION "2.8"
| #define PACKAGE_STRING "MCT 2.8"
| #define PACKAGE_BUGREPORT ""
| #define PACKAGE_URL ""
| #define STDC_HEADERS 1
| #define HAVE_SYS_TYPES_H 1
| #define HAVE_SYS_STAT_H 1
| #define HAVE_STDLIB_H 1
| #define HAVE_STRING_H 1
| #define HAVE_MEMORY_H 1
| #define HAVE_STRINGS_H 1
| #define HAVE_INTTYPES_H 1
| #define HAVE_STDINT_H 1
| #define HAVE_UNISTD_H 1
| #define HAVE_MPI 1
| /* end confdefs.h.  */
| 
| /* Override any GCC internal prototype to avoid an error.
|    Use char because int might match the return type of a GCC
|    builtin and then its argument prototype would still apply.  */
| #ifdef __cplusplus
| extern "C"
| #endif
| char foobar ();
| #ifdef FC_DUMMY_MAIN
| #ifndef FC_DUMMY_MAIN_EQ_F77
| #  ifdef __cplusplus
|      extern "C"
| #  endif
|    int FC_DUMMY_MAIN() { return 1; }
| #endif
| #endif
| int
| main ()
| {
| return foobar ();
|   ;
|   return 0;
| }
configure:4683: mpicc  -o conftest -g -O2   conftest.c cfortran_test.o   -L/apps/openmpi/1.6.3/lib -L/apps/openmpi/1.6.3/lib/profilers -L/apps/netcdf/4.2.1.1/lib/Intel -L/apps/netcdf/4.2.1.1/lib -L/apps/intel-ct/12.1.9.293/fc/lib/intel64 -L/apps/intel-ct/12.1.9.293/cc/lib/intel64 -L/apps/intel-ct/composer_xe_2011_sp1.9.293/compiler/lib/intel64 -L/plush/dugong/usr/bin/../lib/gcc/x86_64-redhat-linux/4.4.7 -L/plush/dugong/usr/bin/../lib/gcc -L/usr/lib/gcc/x86_64-redhat-linux/4.4.7 -L/plush/dugong/usr/bin/../lib/gcc/x86_64-redhat-linux/4.4.7/../../../../lib64 -L/lib/../lib64 -L/usr/lib/../lib64 -L/apps/netcdf/4.2.1.1/lib/GNU -L/plush/dugong/usr/bin/../lib/gcc/x86_64-redhat-linux/4.4.7/../../.. -L/lib64 -L/lib -L/usr/lib64 -L/usr/lib -lmpi_f90 -lmpi_f77 -lmpi -ldl -limf -lm -lrt -lnsl -lutil -lifport -lifcoremt -lsvml -lipgo -lirc -lpthread -lirc_s >&5
configure:4683: $? = 0
configure:4741: mpicc  -o conftest -g -O2   conftest.c cfortran_test.o   -L/apps/openmpi/1.6.3/lib -L/apps/openmpi/1.6.3/lib/profilers -L/apps/netcdf/4.2.1.1/lib/Intel -L/apps/netcdf/4.2.1.1/lib -L/apps/intel-ct/12.1.9.293/fc/lib/intel64 -L/apps/intel-ct/12.1.9.293/cc/lib/intel64 -L/apps/intel-ct/composer_xe_2011_sp1.9.293/compiler/lib/intel64 -L/plush/dugong/usr/bin/../lib/gcc/x86_64-redhat-linux/4.4.7 -L/plush/dugong/usr/bin/../lib/gcc -L/usr/lib/gcc/x86_64-redhat-linux/4.4.7 -L/plush/dugong/usr/bin/../lib/gcc/x86_64-redhat-linux/4.4.7/../../../../lib64 -L/lib/../lib64 -L/usr/lib/../lib64 -L/apps/netcdf/4.2.1.1/lib/GNU -L/plush/dugong/usr/bin/../lib/gcc/x86_64-redhat-linux/4.4.7/../../.. -L/lib64 -L/lib -L/usr/lib64 -L/usr/lib -lmpi_f90 -lmpi_f77 -lmpi -ldl -limf -lm -lrt -lnsl -lutil -lifport -lifcoremt -lsvml -lipgo -lirc -lpthread -lirc_s >&5
configure:4741: $? = 0
configure:4783: result: lower case, underscore, no extra underscore
configure:5302: creating ./config.status

## ---------------------- ##
## Running config.status. ##
## ---------------------- ##

This file was extended by MCT config.status 2.8, which was
generated by GNU Autoconf 2.65.  Invocation command line was

  CONFIG_FILES    = 
  CONFIG_HEADERS  = 
  CONFIG_LINKS    = 
  CONFIG_COMMANDS = 
  $ ./config.status 

on raijin1

config.status:839: creating Makefile.conf
config.status:839: creating config.h

## ---------------- ##
## Cache variables. ##
## ---------------- ##

ac_cv_c_bigendian=no
ac_cv_c_compiler_gnu=yes
ac_cv_env_AR_set=
ac_cv_env_AR_value=
ac_cv_env_BABELROOT_set=
ac_cv_env_BABELROOT_value=
ac_cv_env_BIT64_set=
ac_cv_env_BIT64_value=
ac_cv_env_CC_set=set
ac_cv_env_CC_value='mpicc '
ac_cv_env_CFLAGS_set=
ac_cv_env_CFLAGS_value=
ac_cv_env_COMPILER_ROOT_set=
ac_cv_env_COMPILER_ROOT_value=
ac_cv_env_CPPFLAGS_set=
ac_cv_env_CPPFLAGS_value=
ac_cv_env_CPP_set=
ac_cv_env_CPP_value=
ac_cv_env_DEBUG_set=
ac_cv_env_DEBUG_value=
ac_cv_env_ENDIAN_set=
ac_cv_env_ENDIAN_value=
ac_cv_env_FCFLAGS_set=
ac_cv_env_FCFLAGS_value=
ac_cv_env_FC_set=set
ac_cv_env_FC_value='mpif90 '
ac_cv_env_FORT_SIZE_set=
ac_cv_env_FORT_SIZE_value=
ac_cv_env_FPPFLAGS_set=
ac_cv_env_FPPFLAGS_value=
ac_cv_env_FPP_set=
ac_cv_env_FPP_value=
ac_cv_env_INCLUDEFLAG_set=
ac_cv_env_INCLUDEFLAG_value=
ac_cv_env_INCLUDEPATH_set=
ac_cv_env_INCLUDEPATH_value=
ac_cv_env_LDFLAGS_set=
ac_cv_env_LDFLAGS_value=
ac_cv_env_LIBS_set=
ac_cv_env_LIBS_value=
ac_cv_env_MPIFC_set=set
ac_cv_env_MPIFC_value='mpif90 '
ac_cv_env_MPIHEADER_set=
ac_cv_env_MPIHEADER_value=
ac_cv_env_MPILIBS_set=
ac_cv_env_MPILIBS_value=
ac_cv_env_OPT_set=
ac_cv_env_OPT_value=
ac_cv_env_PROGFCFLAGS_set=
ac_cv_env_PROGFCFLAGS_value=
ac_cv_env_REAL8_set=
ac_cv_env_REAL8_value=
ac_cv_env_build_alias_set=
ac_cv_env_build_alias_value=
ac_cv_env_host_alias_set=
ac_cv_env_host_alias_value=
ac_cv_env_target_alias_set=
ac_cv_env_target_alias_value=
ac_cv_fc_compiler_gnu=no
ac_cv_fc_dummy_main=none
ac_cv_fc_libs=' -L/apps/openmpi/1.6.3/lib -L/apps/openmpi/1.6.3/lib/profilers -L/apps/netcdf/4.2.1.1/lib/Intel -L/apps/netcdf/4.2.1.1/lib -L/apps/intel-ct/12.1.9.293/fc/lib/intel64 -L/apps/intel-ct/12.1.9.293/cc/lib/intel64 -L/apps/intel-ct/composer_xe_2011_sp1.9.293/compiler/lib/intel64 -L/plush/dugong/usr/bin/../lib/gcc/x86_64-redhat-linux/4.4.7 -L/plush/dugong/usr/bin/../lib/gcc -L/usr/lib/gcc/x86_64-redhat-linux/4.4.7 -L/plush/dugong/usr/bin/../lib/gcc/x86_64-redhat-linux/4.4.7/../../../../lib64 -L/lib/../lib64 -L/usr/lib/../lib64 -L/apps/netcdf/4.2.1.1/lib/GNU -L/plush/dugong/usr/bin/../lib/gcc/x86_64-redhat-linux/4.4.7/../../.. -L/lib64 -L/lib -L/usr/lib64 -L/usr/lib -lmpi_f90 -lmpi_f77 -lmpi -ldl -limf -lm -lrt -lnsl -lutil -lifport -lifcoremt -lsvml -lipgo -lirc -lpthread -lirc_s'
ac_cv_fc_mangling='lower case, underscore, no extra underscore'
ac_cv_fc_pp_define=-D
ac_cv_fc_pp_srcext_F=none
ac_cv_fc_srcext_F90=none
ac_cv_fortran_dummy_main=none
ac_cv_header_inttypes_h=yes
ac_cv_header_memory_h=yes
ac_cv_header_stdc=yes
ac_cv_header_stdint_h=yes
ac_cv_header_stdlib_h=yes
ac_cv_header_string_h=yes
ac_cv_header_strings_h=yes
ac_cv_header_sys_stat_h=yes
ac_cv_header_sys_types_h=yes
ac_cv_header_unistd_h=yes
ac_cv_objext=o
ac_cv_path_EGREP='/bin/grep -E'
ac_cv_path_GREP=/bin/grep
ac_cv_prog_CPP='mpicc  -E'
ac_cv_prog_MPIFC='mpif90 '
ac_cv_prog_cc_c89=
ac_cv_prog_cc_g=yes
ac_cv_prog_fc_g=yes
ac_cv_prog_fc_v=-v
ac_cv_prog_fc_version=-V

## ----------------- ##
## Output variables. ##
## ----------------- ##

AR='ar cq'
BABELROOT=''
BIT64=''
CC='mpicc '
CFLAGS='-g -O2'
COMPILER_ROOT=''
CPP='mpicc  -E'
CPPDEFS=' -DSYSLINUX -DCPR'
CPPFLAGS=''
CRULE='.c.o'
DEBUG=''
DEFS='-DHAVE_CONFIG_H'
ECHO_C=''
ECHO_N='-n'
ECHO_T=''
EGREP='/bin/grep -E'
ENDIAN=''
EXEEXT=''
FC='mpif90 '
FCFLAGS='-g'
FCFLAGS_F90=''
FCFLAGS_F=''
FCLIBS=' -L/apps/openmpi/1.6.3/lib -L/apps/openmpi/1.6.3/lib/profilers -L/apps/netcdf/4.2.1.1/lib/Intel -L/apps/netcdf/4.2.1.1/lib -L/apps/intel-ct/12.1.9.293/fc/lib/intel64 -L/apps/intel-ct/12.1.9.293/cc/lib/intel64 -L/apps/intel-ct/composer_xe_2011_sp1.9.293/compiler/lib/intel64 -L/plush/dugong/usr/bin/../lib/gcc/x86_64-redhat-linux/4.4.7 -L/plush/dugong/usr/bin/../lib/gcc -L/usr/lib/gcc/x86_64-redhat-linux/4.4.7 -L/plush/dugong/usr/bin/../lib/gcc/x86_64-redhat-linux/4.4.7/../../../../lib64 -L/lib/../lib64 -L/usr/lib/../lib64 -L/apps/netcdf/4.2.1.1/lib/GNU -L/plush/dugong/usr/bin/../lib/gcc/x86_64-redhat-linux/4.4.7/../../.. -L/lib64 -L/lib -L/usr/lib64 -L/usr/lib -lmpi_f90 -lmpi_f77 -lmpi -ldl -limf -lm -lrt -lnsl -lutil -lifport -lifcoremt -lsvml -lipgo -lirc -lpthread -lirc_s'
FC_DEFINE='-D'
FORT_SIZE=''
FPP=''
FPPFLAGS=''
GREP='/bin/grep'
INCLUDEFLAG='-I'
INCLUDEPATH=''
LDFLAGS=''
LIBOBJS=''
LIBS=''
LTLIBOBJS=''
MPIFC='mpif90 '
MPIHEADER=''
MPILIBS=''
MPISERPATH=''
OBJEXT='o'
OPT=''
PACKAGE_BUGREPORT=''
PACKAGE_NAME='MCT'
PACKAGE_STRING='MCT 2.8'
PACKAGE_TARNAME='mct'
PACKAGE_URL=''
PACKAGE_VERSION='2.8'
PATH_SEPARATOR=':'
PROGFCFLAGS=''
PYTHON=''
PYTHONOPTS=''
REAL8=''
SHELL='/bin/sh'
ac_ct_CC=''
ac_ct_FC=''
bindir='${exec_prefix}/bin'
build_alias=''
datadir='${datarootdir}'
datarootdir='${prefix}/share'
docdir='${datarootdir}/doc/${PACKAGE_TARNAME}'
dvidir='${docdir}'
exec_prefix='${prefix}'
host_alias=''
htmldir='${docdir}'
includedir='${prefix}/include'
infodir='${datarootdir}/info'
libdir='${exec_prefix}/lib'
libexecdir='${exec_prefix}/libexec'
localedir='${datarootdir}/locale'
localstatedir='${prefix}/var'
mandir='${datarootdir}/man'
oldincludedir='/usr/include'
pdfdir='${docdir}'
prefix='/usr/local'
program_transform_name='s,x,x,'
psdir='${docdir}'
sbindir='${exec_prefix}/sbin'
sharedstatedir='${prefix}/com'
sysconfdir='${prefix}/etc'
target_alias=''

## ----------- ##
## confdefs.h. ##
## ----------- ##

/* confdefs.h */
#define PACKAGE_NAME "MCT"
#define PACKAGE_TARNAME "mct"
#define PACKAGE_VERSION "2.8"
#define PACKAGE_STRING "MCT 2.8"
#define PACKAGE_BUGREPORT ""
#define PACKAGE_URL ""
#define STDC_HEADERS 1
#define HAVE_SYS_TYPES_H 1
#define HAVE_SYS_STAT_H 1
#define HAVE_STDLIB_H 1
#define HAVE_STRING_H 1
#define HAVE_MEMORY_H 1
#define HAVE_STRINGS_H 1
#define HAVE_INTTYPES_H 1
#define HAVE_STDINT_H 1
#define HAVE_UNISTD_H 1
#define HAVE_MPI 1
#define FC_FUNC(name,NAME) name ## _
#define FC_FUNC_(name,NAME) name ## _

configure: exit 0
