checking whether the C compiler works... yes
checking for C compiler default output file name... a.out
checking for suffix of executables... 
checking whether we are cross compiling... no
checking for suffix of object files... o
checking whether we are using the GNU C compiler... yes
checking whether mpicc accepts -g... yes
checking for mpicc option to accept ISO C89... none needed
checking how to run the C preprocessor... mpicc -E
checking for grep that handles long lines and -e... /bin/grep
checking for egrep... /bin/grep -E
checking for ANSI C header files... yes
checking for sys/types.h... yes
checking for sys/stat.h... yes
checking for stdlib.h... yes
checking for string.h... yes
checking for memory.h... yes
checking for strings.h... yes
checking for inttypes.h... yes
checking for stdint.h... yes
checking for unistd.h... yes
checking whether byte ordering is bigendian... no
checking whether we are using the GNU Fortran compiler... no
checking whether mpif90 accepts -g... yes
checking for Fortran flag to compile .F90 files... none
checking for mpif90... mpif90
checking for MPI_Init... yes
checking for mpif.h... yes
Checking Compiler Version
checking how to get the version output from mpif90... -V
checking for Fortran flag to compile preprocessed .F files... none
checking how to define symbols for preprocessed Fortran... -D
checking how to get verbose linking output from mpif90... -v
checking for Fortran libraries of mpif90...  -L/apps/openmpi/1.6.3/lib -L/apps/openmpi/1.6.3/lib/profilers -L/apps/netcdf/4.2.1.1/lib/Intel -L/apps/netcdf/4.2.1.1/lib -L/apps/intel-ct/12.1.9.293/fc/lib/intel64 -L/apps/intel-ct/12.1.9.293/cc/lib/intel64 -L/apps/intel-ct/composer_xe_2011_sp1.9.293/compiler/lib/intel64 -L/plush/dugong/usr/bin/../lib/gcc/x86_64-redhat-linux/4.4.7 -L/plush/dugong/usr/bin/../lib/gcc -L/usr/lib/gcc/x86_64-redhat-linux/4.4.7 -L/plush/dugong/usr/bin/../lib/gcc/x86_64-redhat-linux/4.4.7/../../../../lib64 -L/lib/../lib64 -L/usr/lib/../lib64 -L/apps/netcdf/4.2.1.1/lib/GNU -L/plush/dugong/usr/bin/../lib/gcc/x86_64-redhat-linux/4.4.7/../../.. -L/lib64 -L/lib -L/usr/lib64 -L/usr/lib -lmpi_f90 -lmpi_f77 -lmpi -ldl -limf -lm -lrt -lnsl -lutil -lifport -lifcoremt -lsvml -lipgo -lirc -lpthread -lirc_s
checking for dummy main to link with Fortran libraries... none
checking for Fortran name-mangling scheme... lower case, underscore, no extra underscore
Hostname=raijin5
Machine=x86_64
OS=Linux

Output Variables: {CC=mpicc} {CFLAGS=-g -O2} {FC=mpif90} {FCFLAGS=-g} {PROGFCFLAGS=}{CPPDEFS= -DSYSLINUX -DCPR} {OPT=} {DEBUG=} {REAL8=} {BIT64=} {ENDIAN=} {MPIFC=mpif90} {MPILIBS=} {MPIHEADER=} {INCLUDEFLAG=-I} {INCLUDEPATH=} {AR=ar cq} {BABELROOT=} {COMPILER_ROOT=} {PYTHON=} {PYTHONOPTS=} {FORT_SIZE=} {prefix=NONE} {SRCDIR=} {FC_DEFINE=-D}

configure: creating ./config.status
config.status: creating Makefile.conf
config.status: creating config.h
config.status: config.h is unchanged
Please check the Makefile.conf
Have a nice day!
make[2]: Entering directory `/short/v45/nah599/auscom/submodels/oasis3-mct/Linux/build/lib/mctdir'
make[3]: Entering directory `/short/v45/nah599/auscom/submodels/oasis3-mct/Linux/build/lib/mctdir/mpeu'
make[3]: Nothing to be done for `all'.
make[3]: Leaving directory `/short/v45/nah599/auscom/submodels/oasis3-mct/Linux/build/lib/mctdir/mpeu'
make[3]: Entering directory `/short/v45/nah599/auscom/submodels/oasis3-mct/Linux/build/lib/mctdir/mct'
make[3]: Nothing to be done for `all'.
make[3]: Leaving directory `/short/v45/nah599/auscom/submodels/oasis3-mct/Linux/build/lib/mctdir/mct'
make[2]: Leaving directory `/short/v45/nah599/auscom/submodels/oasis3-mct/Linux/build/lib/mctdir'
make[2]: Entering directory `/short/v45/nah599/auscom/submodels/oasis3-mct/Linux/build/lib/scrip'
make[2]: Nothing to be done for `all'.
make[2]: Leaving directory `/short/v45/nah599/auscom/submodels/oasis3-mct/Linux/build/lib/scrip'
make[2]: Entering directory `/short/v45/nah599/auscom/submodels/oasis3-mct/Linux/build/lib/psmile.MPI1'
make[2]: Nothing to be done for `all'.
make[2]: Leaving directory `/short/v45/nah599/auscom/submodels/oasis3-mct/Linux/build/lib/psmile.MPI1'
